Tue Jun  9 11:46:02 2015	ERROR: No input file

Tue Jun  9 11:57:13 2015	Cannot find <<SNP>> in header of /usr/tmp/CGItemp34397

Tue Jun  9 12:17:33 2015	No marker column

Tue Jun  9 14:24:56 2015	No marker column

Tue Jun  9 14:27:27 2015	No marker column

Tue Jun  9 16:20:37 2015	Cannot find <<SNP>> in header of /tmp/13501223.88878067075.tmp

Tue Jun  9 16:22:28 2015	No marker column

Wed Jun 10 02:13:39 2015	ERROR: No input file

Wed Jun 10 02:26:53 2015	Failed during execution.
CMD:/var/www/html/enlight2/cgi-bin/../bin/formatter rs2avinput /tmp/1634.2tab /tmp/1634.rs2avinput SNP /home/yunfeiguo/enlight/data/database/hg19_snp137_rs.txt
ERR:Exceeding maxium time (36000 seconds) allowed.

JOBID:1196
PLEASE SEND JOBID TO ADMINISTER FOR ASSISTANCE.

Wed Jun 10 06:14:23 2015	rs184202621 not FOUND in database (NOTE: snp name is case-sensitive)

Thu Jun 11 04:41:50 2015	Cannot find <<SNP>> in header of /usr/tmp/CGItemp7622

Thu Jun 11 04:45:27 2015	Cannot find <<SNP>> in header of /usr/tmp/CGItemp7550

Sun Aug 16 18:20:22 2015	No marker column

Sun Aug 16 18:21:27 2015	No marker column

Mon Aug 17 13:08:33 2015	Cannot find <<SNP>> in header of /usr/tmp/CGItemp6988

Mon Aug 17 13:08:40 2015	No marker column

Mon Aug 17 13:08:49 2015	Cannot find <<SNP>> in header of /usr/tmp/CGItemp6926

Wed Aug 26 06:22:14 2015	Cannot find <<SNP>> in header of /tmp/270935175.84799383334.tmp

Wed Aug 26 06:22:54 2015	Cannot find <<SNP>> in header of /tmp/271168094.89542667456.tmp

Wed Aug 26 06:23:41 2015	Cannot find <<SNP>> in header of /tmp/2725818811.8170202353.tmp

Wed Aug 26 06:23:51 2015	Cannot find <<SNP>> in header of /tmp/272674489.11900936301.tmp

Wed Aug 26 06:24:06 2015	Cannot find <<SNP>> in header of /tmp/2727810312.8956812224.tmp

Wed Aug 26 06:26:21 2015	Cannot find <<SNP>> in header of /tmp/2741018351.7659479709.tmp

Wed Aug 26 06:27:35 2015	Cannot find <<SNP>> in header of /tmp/274527555.0849874845.tmp

Wed Aug 26 06:27:42 2015	Cannot find <<SNP>> in header of /tmp/2745915275.3191366661.tmp

Fri Aug 28 13:43:58 2015	Cannot find <<SNP>> in header of /tmp/77593241.9270361569.tmp

Fri Aug 28 13:44:35 2015	Cannot find <<SNP>> in header of /tmp/77831387.21776683048.tmp

Tue Sep  1 07:42:36 2015	ERROR: No input file

Tue Sep  1 07:42:48 2015	ERROR: No input file

Thu Sep  3 06:57:32 2015	Cannot find <<dbsnp135>> in header of /tmp/169638047.52016199428.tmp

Thu Sep  3 06:57:43 2015	Cannot find <<dbsnp135>> in header of /tmp/169722230.70461544244.tmp

Thu Sep  3 06:57:59 2015	Cannot find <<dbsnp135>> in header of /tmp/169838407.03780164182.tmp

Thu Sep  3 06:58:17 2015	Cannot find <<dbsnp135>> in header of /tmp/1699811077.3233767827.tmp

Thu Sep  3 06:58:53 2015	Cannot find <<dbsnp135>> in header of /tmp/170175321.60654001798.tmp

Thu Sep  3 06:59:00 2015	Cannot find <<dbsnp135>> in header of /tmp/1702413165.8533194927.tmp

Thu Sep  3 06:59:05 2015	Cannot find <<dbsnp135>> in header of /tmp/170332409.17736988901.tmp

Tue Sep  8 09:53:50 2015	ERROR: No input file

Sat Sep 12 14:02:54 2015	ERROR: No input file

Wed Sep 16 06:41:54 2015	Cannot find <<dbSNP135>> in header of /usr/tmp/CGItemp8396

Thu Sep 17 05:01:35 2015	ERROR: No input file

Fri Sep 18 05:34:21 2015	ERROR: No input file

Fri Sep 18 06:08:35 2015	Cannot find <<MarkerName>> in header of /usr/tmp/CGItemp9605

Fri Sep 18 08:43:29 2015	No marker column

Fri Sep 18 11:30:08 2015	rs151099515 not FOUND in database (NOTE: snp name is case-sensitive)

Fri Sep 18 11:30:27 2015	rs151099515 not FOUND in database (NOTE: snp name is case-sensitive)

Fri Sep 18 11:30:55 2015	rs151099515 not FOUND in database (NOTE: snp name is case-sensitive)

Fri Sep 18 11:36:14 2015	rs151099515 not FOUND in database (NOTE: snp name is case-sensitive)

Fri Sep 18 11:39:16 2015	rs191349875 not FOUND in database (NOTE: snp name is case-sensitive)

Fri Sep 18 11:41:54 2015	rs151099515 not FOUND in database (NOTE: snp name is case-sensitive)

Fri Sep 18 11:42:34 2015	rs151099515 not FOUND in database (NOTE: snp name is case-sensitive)

Fri Sep 18 11:52:23 2015	rs182429479 not FOUND in database (NOTE: snp name is case-sensitive)

Fri Sep 18 11:58:53 2015	rs368418696 not FOUND in database (NOTE: snp name is case-sensitive)

Fri Sep 18 11:59:15 2015	rs368418696 not FOUND in database (NOTE: snp name is case-sensitive)

Wed Sep 23 02:07:11 2015	No annotation data tracks selected or uploaded while generic plot or annotation is enabled

Wed Sep 23 02:07:52 2015	No annotation data tracks selected or uploaded while generic plot or annotation is enabled

Wed Sep 23 02:08:10 2015	No annotation data tracks selected or uploaded while generic plot or annotation is enabled

Wed Sep 23 02:08:56 2015	Expect 5th column is score in BED

Wed Sep 23 13:59:27 2015	ERROR: No input file

Wed Sep 23 13:59:55 2015	Expect 5th column is score in BED

Thu Sep 24 08:55:39 2015	Expect 5th column is score in BED

Mon Sep 28 10:43:14 2015	No marker column

Mon Sep 28 13:29:28 2015	No marker column

Mon Sep 28 13:30:31 2015	No marker column

Mon Sep 28 13:38:58 2015	6vk2ftuluheugwxd doesn't exist and cannot be created

Mon Sep 28 14:40:18 2015	Failed during execution.
CMD:/var/www/html/enlight2/cgi-bin/../bin/formatter delim2tab whitespace /tmp/189999204.7254312891.tmp /tmp/18999.2tab
ERR:"/var/www/html/enlight2/cgi-bin/../bin/formatter delim2tab whitespace /tmp/189999204.7254312891.tmp /tmp/18999.2tab 1>&2" unexpectedly returned exit value 126 at /var/www/html/enlight2/cgi-bin/../lib/Control.pm line 119.

JOBID:1424
PLEASE SEND JOBID TO ADMINISTER FOR ASSISTANCE.

Mon Sep 28 14:41:59 2015	Failed during execution.
CMD:/var/www/html/enlight2/cgi-bin/../bin/table_annovar.pl exampleinput.txt /home/yunfeiguo/Downloads/annovar/humandb -protocol UChicago_eQTL -operation r -nastring NA -buildver hg19 -remove -otherinfo -haveheader
ERR:"/var/www/html/enlight2/cgi-bin/../bin/table_annovar.pl exampleinput.txt /home/yunfeiguo/Downloads/annovar/humandb -protocol UChicago_eQTL -operation r -nastring NA -buildver hg19 -remove -otherinfo -haveheader 1>&2" unexpectedly returned exit value 13 at /var/www/html/enlight2/cgi-bin/../lib/Control.pm line 119.

JOBID:1425
PLEASE SEND JOBID TO ADMINISTER FOR ASSISTANCE.

Tue Sep 29 00:10:19 2015	ERROR: No input file

Tue Sep 29 00:10:41 2015	ERROR: No input file

Thu Oct  1 11:14:16 2015	rs576863822 not FOUND in database (NOTE: snp name is case-sensitive)

Thu Oct  1 11:16:56 2015	rs576863822 not FOUND in database (NOTE: snp name is case-sensitive)

Thu Oct  1 11:17:10 2015	rs576863822 not FOUND in database (NOTE: snp name is case-sensitive)

Thu Oct  1 11:17:32 2015	rs576863822 not FOUND in database (NOTE: snp name is case-sensitive)

Thu Oct  1 11:17:47 2015	rs576863822 not FOUND in database (NOTE: snp name is case-sensitive)

Thu Oct  1 11:18:32 2015	rs140803346 not FOUND in database (NOTE: snp name is case-sensitive)

Sat Oct 10 13:53:52 2015	ERROR: No input file

Sat Oct 10 18:25:54 2015	Cannot find <<P>> in header of /tmp/5uWW06gjrX

Sat Oct 10 18:34:45 2015	Cannot find <<P>> in header of /tmp/bI0zgihH_s

Sat Oct 10 23:18:53 2015	Cannot find <<P>> in header of /tmp/gZROXnl5e8

Sat Oct 10 23:19:22 2015	Cannot find <<P>> in header of /tmp/c4Q8sgjzyp

Sat Oct 10 23:24:20 2015	Cannot find <<9e-13>> in header of /tmp/bGNZvyx_V0

Sun Oct 11 07:56:56 2015	Failed during execution.
CMD:/var/www/html/enlight2/cgi-bin/../bin/table_annovar.pl new_1.txt /home/yunfeiguo/Downloads/annovar/humandb -protocol refGene,1000g2012apr_all,GWAS_CATALOG_20140820.all,tfbsConsSites,wgEncodeBroadHmmGm12878HMM,wgEncodeBroadHmmHepg2HMM,wgEncodeBroadHmmHsmmHMM,wgEncodeBroadHmmK562HMM,wgEncodeRegTfbsClusteredV3 -operation g,f,r,r5,r,r,r,r,r5 -nastring NA -buildver hg18 -remove -otherinfo -haveheader
ERR:"/var/www/html/enlight2/cgi-bin/../bin/table_annovar.pl new_1.txt /home/yunfeiguo/Downloads/annovar/humandb -protocol refGene,1000g2012apr_all,GWAS_CATALOG_20140820.all,tfbsConsSites,wgEncodeBroadHmmGm12878HMM,wgEncodeBroadHmmHepg2HMM,wgEncodeBroadHmmHsmmHMM,wgEncodeBroadHmmK562HMM,wgEncodeRegTfbsClusteredV3 -operation g,f,r,r5,r,r,r,r,r5 -nastring NA -buildver hg18 -remove -otherinfo -haveheader 1>&2" unexpectedly returned exit value 255 at /var/www/html/enlight2/cgi-bin/../lib/Control.pm line 119.

JOBID:1449
PLEASE SEND JOBID TO ADMINISTER FOR ASSISTANCE.

Sun Oct 11 14:09:37 2015	Failed during execution.
CMD:/var/www/html/enlight2/cgi-bin/../bin/table_annovar.pl RS6983267_.txt /home/yunfeiguo/Downloads/annovar/humandb -protocol refGene,1000g2012apr_all,GTEX-140712.Liver.all,wgEncodeHaibTfbsHct116CtcfcV0422111PkRep1,wgEncodeSydhTfbsHct116Tcf7l2UcdPk,wgEncodeUwDnaseHct116PkRep1 -operation g,f,r,r5,r5,r5 -nastring NA -buildver hg19 -remove -otherinfo -haveheader
ERR:"/var/www/html/enlight2/cgi-bin/../bin/table_annovar.pl RS6983267_.txt /home/yunfeiguo/Downloads/annovar/humandb -protocol refGene,1000g2012apr_all,GTEX-140712.Liver.all,wgEncodeHaibTfbsHct116CtcfcV0422111PkRep1,wgEncodeSydhTfbsHct116Tcf7l2UcdPk,wgEncodeUwDnaseHct116PkRep1 -operation g,f,r,r5,r5,r5 -nastring NA -buildver hg19 -remove -otherinfo -haveheader 1>&2" unexpectedly returned exit value 255 at /var/www/html/enlight2/cgi-bin/../lib/Control.pm line 119.

JOBID:1450
PLEASE SEND JOBID TO ADMINISTER FOR ASSISTANCE.

Mon Oct 12 03:08:42 2015	Failed during execution.
CMD:/var/www/html/enlight2/cgi-bin/../bin/table_annovar.pl exampleinput.txt /home/yunfeiguo/Downloads/annovar/humandb -protocol refGene,1000g2012apr_all,UChicago_eQTL.all,tfbsConsSites,wgEncodeBroadHmmGm12878HMM,wgEncodeBroadHmmHepg2HMM,wgEncodeBroadHmmHsmmHMM,wgEncodeBroadHmmK562HMM,wgEncodeRegTfbsClusteredV3 -operation g,f,r,r5,r,r,r,r,r5 -nastring NA -buildver hg19 -remove -otherinfo -haveheader
ERR:"/var/www/html/enlight2/cgi-bin/../bin/table_annovar.pl exampleinput.txt /home/yunfeiguo/Downloads/annovar/humandb -protocol refGene,1000g2012apr_all,UChicago_eQTL.all,tfbsConsSites,wgEncodeBroadHmmGm12878HMM,wgEncodeBroadHmmHepg2HMM,wgEncodeBroadHmmHsmmHMM,wgEncodeBroadHmmK562HMM,wgEncodeRegTfbsClusteredV3 -operation g,f,r,r5,r,r,r,r,r5 -nastring NA -buildver hg19 -remove -otherinfo -haveheader 1>&2" unexpectedly returned exit value 255 at /var/www/html/enlight2/cgi-bin/../lib/Control.pm line 119.

JOBID:1452
PLEASE SEND JOBID TO ADMINISTER FOR ASSISTANCE.

Tue Oct 13 21:45:06 2015	ERROR: No input file

Wed Oct 14 16:34:12 2015	Cannot find <<P>> in header of /tmp/6vaJhDeQ4i

Wed Oct 14 16:34:23 2015	ERROR: No input file

Sat Oct 17 20:21:06 2015	ERROR: No input file

Sat Oct 17 21:22:53 2015	No annotation data tracks selected or uploaded while generic plot or annotation is enabled

Sat Oct 17 21:27:17 2015	No annotation data tracks selected or uploaded while generic plot or annotation is enabled

Sat Oct 17 21:31:37 2015	No annotation data tracks selected or uploaded while generic plot or annotation is enabled

Sat Oct 17 21:32:43 2015	At least one region must be specified

Sat Oct 17 21:33:05 2015	At least one region must be specified

Sat Oct 17 21:34:26 2015	At least one region must be specified

Sat Oct 17 21:34:51 2015	No annotation data tracks selected or uploaded while generic plot or annotation is enabled

Sat Oct 17 21:35:30 2015	No annotation data tracks selected or uploaded while generic plot or annotation is enabled

Sat Oct 17 21:36:17 2015	No annotation data tracks selected or uploaded while generic plot or annotation is enabled

Sat Oct 17 21:37:03 2015	At least one region must be specified

Sat Oct 17 21:38:45 2015	At least one region must be specified

Sat Oct 17 21:40:15 2015	No annotation data tracks selected or uploaded while generic plot or annotation is enabled

Tue Oct 20 18:23:34 2015	Expect 2nd and 3rd columns are numerical in BED

Tue Oct 20 18:25:24 2015	Expect 2nd and 3rd columns are numerical in BED

Fri Oct 30 12:41:55 2015	rs906969 not FOUND in database (NOTE: snp name is case-sensitive)

Fri Oct 30 12:47:32 2015	ERROR: No input file

Fri Oct 30 12:48:25 2015	ERROR: No input file

Fri Oct 30 12:48:33 2015	ERROR: No input file

Sun Nov  1 18:46:03 2015	No marker column

Mon Nov  2 21:00:15 2015	Cannot find <<SNPS>> in header of /tmp/2617614778.7849578011.tmp

Mon Nov  2 21:00:27 2015	Cannot find <<SNPS>> in header of /tmp/261827482.33923617459.tmp

Fri Nov  6 08:03:36 2015	ERROR: No input file

Fri Nov  6 08:04:23 2015	Cannot find <<dbSNP135>> in header of /tmp/bLyU8egpDT

Sun Nov  8 11:42:09 2015	ERROR: No input file

Thu Nov 12 03:51:15 2015	Cannot find <<P>> in header of /tmp/MWH1akXK8Q

Thu Nov 12 03:56:32 2015	Cannot find <<P>> in header of /tmp/WaDUfuangC

Thu Nov 12 03:57:02 2015	Cannot find <<P>> in header of /tmp/aHvxPoPsYA

Thu Nov 12 03:57:42 2015	Cannot find <<P>> in header of /tmp/WRCdlmnr0C

Thu Nov 12 03:58:17 2015	Cannot find <<P>> in header of /tmp/ohH1gRjb66

Thu Nov 12 03:59:40 2015	Cannot find <<P>> in header of /tmp/LTXUYCANj9

Thu Nov 12 04:00:12 2015	Cannot find <<Snp>> in header of /tmp/1523712898.8474969155.tmp

Thu Nov 12 05:36:50 2015	Cannot find <<Snp>> in header of /tmp/1699212118.4544989126.tmp

Thu Nov 12 07:05:37 2015	Cannot find <<Snp>> in header of /tmp/1848816211.4300152954.tmp

Thu Nov 12 07:06:01 2015	Cannot find <<Snp>> in header of /tmp/1850412970.8080400509.tmp

Thu Nov 12 07:06:56 2015	Cannot find <<Snp>> in header of /tmp/185175159.57828450648.tmp

Wed Nov 18 07:19:43 2015	ERROR: No input file

Wed Nov 18 08:00:18 2015	No marker column

Mon Nov 23 10:52:43 2015	r4959030 not FOUND in database (NOTE: snp name is case-sensitive)

Fri Nov 27 06:11:10 2015	rs181014163 not FOUND in database (NOTE: snp name is case-sensitive)

Fri Nov 27 06:12:18 2015	enpp6 not FOUND in database (NOTE: gene name is case-sensitive)

Fri Nov 27 19:10:03 2015	No marker column

Mon Nov 30 17:47:42 2015	No annotation data tracks selected or uploaded while generic plot or annotation is enabled

Mon Nov 30 18:09:11 2015	At least one region must be specified

Mon Nov 30 18:53:05 2015	At least one region must be specified in multi-region specification

Wed Dec  9 06:57:36 2015	ERROR: No input file

Wed Dec  9 11:30:35 2015	Cannot find <<P>> in header of /tmp/B665zaqlwq

Wed Dec  9 15:05:45 2015	Cannot remove b1dq7wp63wzg2879: No such file or directory at /var/www/html/enlight2/cgi-bin/../lib/Control.pm line 180.

Wed Dec  9 15:07:35 2015	Cannot remove b1dq7wp63wzg2879: No such file or directory at /var/www/html/enlight2/cgi-bin/../lib/Control.pm line 180.

Wed Dec  9 15:10:15 2015	Cannot remove v9kdszpo7ysfhcus: No such file or directory at /var/www/html/enlight2/cgi-bin/../lib/Control.pm line 180.

Wed Dec  9 15:11:22 2015	Failed during execution.
CMD:perl -i -ane if.==1{for i@F{i=~s/^/user_/ unless i=~/^user_/}print join\t,@F,\n}else{s/\r\n+//print _,\n} /tmp/28282.rs2avinput  mv /tmp/28282.rs2avinput RS6983267_.txt
ERR:"perl -i -ane if.==1{for i@F{i=~s/^/user_/ unless i=~/^user_/}print join\t,@F,\n}else{s/\r\n+//print _,\n} /tmp/28282.rs2avinput  mv /tmp/28282.rs2avinput RS6983267_.txt 1>&2" unexpectedly returned exit value 2 at /var/www/html/enlight2/cgi-bin/../lib/Control.pm line 119.

JOBID:1545
PLEASE SEND JOBID TO ADMINISTER FOR ASSISTANCE.

Wed Dec  9 15:25:48 2015	Failed during execution.
CMD:/var/www/html/enlight2/cgi-bin/../bin/formatter2 chheader /tmp/28685.rs2avinput exampleinput.txt
ERR:"/var/www/html/enlight2/cgi-bin/../bin/formatter2 chheader /tmp/28685.rs2avinput exampleinput.txt 1>&2" unexpectedly returned exit value 127 at /var/www/html/enlight2/cgi-bin/../lib/Control.pm line 119.

JOBID:1547
PLEASE SEND JOBID TO ADMINISTER FOR ASSISTANCE.

Wed Dec  9 17:08:57 2015	Cannot find <<p>> in header of /tmp/3029718963.0088301501.tmp

Wed Dec  9 17:09:28 2015	Cannot find <<p>> in header of /tmp/3030316051.9847873249.tmp

Fri Dec 11 06:26:47 2015	No marker column

Thu Dec 17 18:27:44 2015	Cannot find <<Pvalue>> in header of /tmp/l4EaIj9N3q

Fri Dec 18 09:49:27 2015	ERROR: No input file

Fri Dec 18 13:01:28 2015	Cannot find <<MarkerName>> in header of /tmp/2776719317.1409995478.tmp

Fri Dec 18 13:01:50 2015	Cannot find <<MarkerName>> in header of /tmp/2777322697.7663370634.tmp

Fri Dec 18 13:02:40 2015	Cannot find <<MarkerName>> in header of /tmp/2777913341.7696164205.tmp

Fri Dec 18 13:03:01 2015	Cannot find <<MarkerName>> in header of /tmp/2778725860.7450056206.tmp

Fri Dec 18 13:03:32 2015	Cannot find <<MarkerName>> in header of /tmp/277936647.16435970818.tmp

Sun Dec 27 00:00:11 2015	No annotation data tracks selected or uploaded while generic plot or annotation is enabled

Sun Dec 27 00:04:16 2015	No annotation data tracks selected or uploaded while generic plot or annotation is enabled

Sun Dec 27 00:04:47 2015	No annotation data tracks selected or uploaded while generic plot or annotation is enabled

Sun Dec 27 00:05:11 2015	No annotation data tracks selected or uploaded while generic plot or annotation is enabled

Sun Dec 27 00:05:47 2015	No annotation data tracks selected or uploaded while generic plot or annotation is enabled

Sun Jan  3 14:46:40 2016	ERROR: No input file

Sun Jan  3 14:50:19 2016	ERROR: No input file

Sun Jan  3 14:52:27 2016	ERROR: No input file

Sun Jan  3 15:02:25 2016	ERROR: No input file

Sun Jan  3 15:41:41 2016	ERROR: No input file

Tue Jan  5 14:06:54 2016	ERROR: No input file

Tue Jan  5 14:12:28 2016	No marker column

Wed Jan  6 04:43:07 2016	Cannot find <<marker>> in header of /tmp/1272711857.8879470883.tmp

Wed Jan  6 04:43:20 2016	Cannot find <<marker>> in header of /tmp/127335933.2141542851.tmp

Wed Jan  6 04:45:16 2016	ERROR: No input file

Wed Jan  6 04:45:46 2016	ERROR: No input file

Wed Jan  6 04:46:16 2016	ERROR: No input file

Wed Jan  6 10:49:43 2016	ERROR: No input file

Wed Jan  6 11:27:48 2016	Cannot find <<dbsnp135>> in header of /tmp/zzAh5REYXb

Mon Jan 11 12:42:30 2016	No marker column

Mon Jan 18 23:56:19 2016	ERROR: No input file

Mon Jan 18 23:57:29 2016	ERROR: No input file

Sun Jan 24 14:06:34 2016	Cannot find <<P-value>> in header of /tmp/EF8KjjoqDY

Sun Jan 24 14:06:58 2016	Cannot find <<Pvalue>> in header of /tmp/DE6XHy8F6k

Thu Jan 28 15:03:55 2016	ERROR: No input file

Mon Feb  8 06:59:08 2016	ERROR: No input file

Tue Feb  9 09:13:32 2016	ERROR: No input file

Sun Feb 14 20:47:36 2016	No annotation data tracks selected or uploaded while generic plot or annotation is enabled

Sun Feb 14 20:53:26 2016	No annotation data tracks selected or uploaded while generic plot or annotation is enabled

Sun Feb 14 21:02:04 2016	No annotation data tracks selected or uploaded while generic plot or annotation is enabled

Sun Feb 14 21:14:37 2016	No annotation data tracks selected or uploaded while generic plot or annotation is enabled

Sun Feb 14 21:23:51 2016	No annotation data tracks selected or uploaded while generic plot or annotation is enabled

Tue Feb 16 17:36:22 2016	No annotation data tracks selected or uploaded while generic plot or annotation is enabled

Tue Feb 16 17:37:20 2016	No annotation data tracks selected or uploaded while generic plot or annotation is enabled

Tue Feb 16 17:43:31 2016	No annotation data tracks selected or uploaded while generic plot or annotation is enabled

Tue Feb 16 17:47:39 2016	No annotation data tracks selected or uploaded while generic plot or annotation is enabled

Tue Feb 16 17:48:51 2016	No annotation data tracks selected or uploaded while generic plot or annotation is enabled

Tue Feb 16 17:53:16 2016	rs372294275 not FOUND in database (NOTE: snp name is case-sensitive)

